0.8.83 - 0.9.79 升级程序壳至2.0.5
        -新增客户历史记录功能
        -新增 积分系统
        -日历组件现在有公立节假日信息
        -历史订单现在可以显示折扣信息   
        -加入订单修改历史记录     
        -新增 物品过敏提示,物品订单新增过敏编辑器,客户标签界面可以编辑客户过敏源
        -新增 CUSTOMER FACING DISPLAY 功能, 开启此功能需要在参数后面加入 dual
        -新增 拆单功能 用于移除合并过的订单
        -新增 服务费转小费功能
        -新增 在多价格中 THIRD PARTY 价格
        -新增 更新模块 需要 DEVERLOP 权限
        -新增 打卡超时警告
        -在打卡编辑器中新增时间选择组件 (HK JADE BUFFET)
        -新增 下单界面新增客户资料用来查看历史订单记录, 设定 礼物卡等
        -支持多个CALLER ID
        -新增教程页面
        -在移除付款记录中新增 小费移除警告
        -在点餐列表中新增 物品分离按钮
        -修改付款逻辑
         *新增 付款打印收据 不打印选项 
         *新增选项 结账之后是否将订单设为已打印
         *分单的主单结账之后 分单自动结账   
        -历史的 分单按钮新增平均分单功能 (长按)
        -服务器断开提示组件中新增 关机 选项
        -分单组件中新增 设gratuity,设delivery 选项
        -增加修改订单中物品含有定时打印物品的提示
        -TERMINAL 组件现在可以重新打印已经结账的信用卡收据
        -数据组件现在可以查看对应座位信息
        -新增合单,拆单,转移物品功能
         *合并订单现在会提示合并的单号
        -付款组件退出新增未保存提示         
        -历史信用卡组件 新增 过滤选项,排序功能
        -新增菜单导入功能
        -员工新增 仅限信用卡交易 选项
        -信用卡刷卡新增一个网络错误提示
        -新增 现在过滤组件中可以查找订单
        -模版页面选项新增inline功能
        -员工修改权限新增是否有权利将物品价格改低
        -收据底部现在会显示重复打印的次数

        -更新图标库
        -司机组件重做
        -改写后台样式
        -现在付款之后的订单可以新增物品
        -现在物品会保存SIDE OPTION INDEX
        -扎帐现在可以检查付款问题
        -定时的物品被打印后现在不会再次打印
        -塑料袋数量现在可以自行调整
        -扎帐现在可以查看其它天的信息
        -提升历史信用卡组件 初始加载速度
        -过滤组件可以按服务员分类
        -数据模块的订单类别现在点击可切换成座位号
        -付款组件在分单的时候不会显示已经付过的订单
        -Timer 组件列表现在正确过滤已打印过的物品
        -Report 现在会打印出PLASTIC TAX

        -改进 物品类别编辑器现在会将没有选过的类别用 红色 标识出来
        -改进 预约创建,新增繁忙时段提示
        -改进 打印新增模式,现在能正确打印修改订单中物品的新增的数量
        -改进 现在可以快速将时间限制应用到整个物品类别
        -改进物品叠加逻辑,在没有SIDE OPTION 以及 CHOICESET的情况之下才会进行叠加
        -改进 信用卡组件 每页现在显示 10 张交易 支持分开输入小费
        -改进 可以设定默认折扣 / 小费单位
        -改进打卡屏幕编辑组件,现在可以调整日期 (HK JADE BUFFET)    
        -改进 分单还原算法,修复分单无法确认的问题,分单组件新增rollback还原按钮    
        -改进定时组件，现在是12小时制，可以直接调整日期
        -下单时如果最后一个物品相同(且没有SIDE OPTION)则会叠加数量 (改成选项)
        -历史收据打印不会修改订单打印状态
        -堂吃无座位下可以输入客人数量

        -修复了付款的打印界面会更新订单号的错误
        -CALLER ID 现在可以正常过滤匿名开户用户名
        -修正cashier report的计算错误问题
        -修正多次换座后座位信息丢失问题
        -修复打印预览无法打印的问题
        -修复付款组件分单设小费导致主单价格变动问题
        -修正定时组件直接打印的物品打印逻辑问题
        -修正输小费无法正确打卡问题
        -修复在新订单状态之下分单 打印全部 收据显示错误的问题
        -修复timecard Editor 分钟显示的错误
        -修复 新增打印模式 打印删除物品的错误
        -修复配菜 文本过长 导致菜单溢出问题
        -修复 物品直接打印 缓存未正确清理 导致其它订单号的物品乱入的错误
        -修复 BUFFET 模式下订单数据不完整的错误
        -修复付款计算小费导致小数点浮点溢出问题
        -修复当window 托管打印机列表时候 信用卡小票乱打问题
        -修复open food 物品叠加的错误
        -修复分页算法错误
        -修复堂吃分单打印全部 无效时间 的错误
        -解决分单大于25 付款组件显示溢出问题
        -修复新单下堂吃分单保存 桌面状态 没有更新的问题
        -桌位编辑新增座位数选项 用于未来计算餐厅上座率
        -修复小费调整界面 未设小费图标丢失的问题
        -改进启动加载代码 修复快速加载失败问题   
        -针对 打印控件内存溢出导致打印变慢 问题 进行代码优化
        -修复折扣无法保存错误问题
        -修改物品编辑器 为ONLINE ORDER 做准备
        -修复配菜价格无法匹配的问题
        -改进 改动日志组件 新增单独打印记录
        -改进打印信用卡收据显示
          *现在每页显示10张信用卡交易
        -改动 信用卡组件 过滤器
          *新增 按收银员 按服务员
        -登录界面 左下角可移动区 现在只能在登录界面使用
        -修复TODO 无法打印的问题
        -付款组件现在在询问打印窗口有三个按钮 不打印,打印收据,打印
        -订单打印逻辑更改
          *订单付款后默认订单物品已经全部打印
        -改写菜单逻辑
          *layout 现在是单独的collection
          *菜单分类现在是实时生成
          *后台菜单编辑样式重写
          *按字母排序功能现在可以直接生效,无需重启软件
        -改进菜单界面打印逻辑
        -桌位界面改动
          *区域新增 剩余位置 计数
          *预约功能现在可以使用
          *桌位图标新增 尚未完成订单 状态图标
          *还原订单的时候增加还原座位的提示
        -付款界面逻辑改进
          *修复分单付款 对于 未分单物品的处理
        -物品限制 新增 仅限节假日 选项
        -修复多点触摸屏幕延迟问题
        -分单组件滑动模式 由swipe 改为 pan 并新增滑动区提示
        -按类别打印可以正确显示样式
        -改进宽屏显示样式
        -部分样式改用 网格系统
        -改进服务员切换组件
        -修复多个堂吃打印逻辑错误问题
        -工作站名字长度限制成10个字符
        -修复隔夜重置系统白屏错误
        -修复订单多次付款单号错误问题
        -修复重新打开付款界面 支付分单 已付款丢失的错误
        -修复付款界面下平均分单保存后订单显示错误问题
        -历史 过滤器新增折扣标签切换
        -改动节假日算法
        -修复距离单位计算错误
        -修复在点餐界面付款保存导致的一系列问题
        -修复订单打印 单号重复问题
         -新增设置服务费 权限
         -采用 Object.freeze 提高部分页面的运行速度
         -修复 TOGO后 跳桌问题
        -修复超时锁定之后座位未还原的问题
        -修复历史订单中更改日期后订单同步的问题
        -如果支付信用卡时预设小费现在会额外打印一行小费栏
        -修复查看历史不同日期的订单时候,订单不会更新的错误
        -修复两处 折扣四舍五入 不一致错误
        -打印机新增 打印数量 选项
        -付款现在可以正确处理已支付小费的问题
        -改进按钮 press 长按 (平均分单,设小费)
        -修改物品 单价上限调至9999
        -修复司机报表中 当有订单有 部分结账 时候计算错误的问题
        -修复付款收据打印 触发其它打印机的错误
        -修复历史订单 过滤条 当有订单100%折扣小数点溢出的错误 导致不显示的错误
        -todo打印模式现在会把删除的物品打印出来
         收据删除线现在可以根据字体大小正确的显示在中间
         -修复 0.9.75 过滤条价格计算错误的问题
         -修复 历史订单切换 堂吃列表和铁板列表 后 触屏手势失效的问题
        -hibachi 打印 / 座子已经可以使用
        -调整部分用户权限设置
        -修正司机送餐费用计算
        



        


        
        

         
        
        
        



        

        

        
        
        
        
        

        